<?xml version="1.0" encoding="UTF-8"?>
<!-- Generated by org.testng.reporters.JUnitXMLReporter -->
<testsuite hostname="dell-PC" name="Default test" tests="10" failures="0" timestamp="22 Jun 2019 05:17:52 GMT" time="6.105" errors="0">
  <testcase name="validation_For_Empty_Email" time="0.135" classname="kaveri.SignUPTest"/>
  <testcase name="validation_For_Empty_Passward" time="0.103" classname="kaveri.SignUPTest"/>
  <testcase name="validation_For_incorrect_admin_Email" time="0.395" classname="kaveri.SignUPTest"/>
  <testcase name="validation_For_invalid_Email_Format" time="0.216" classname="kaveri.SignUPTest"/>
  <testcase name="validation_For_incorrect_admin_passward" time="0.291" classname="kaveri.SignUPTest"/>
  <testcase name="register_New_Member_Link_Navigation" time="2.27" classname="kaveri.SignUPTest"/>
  <testcase name="i_already_have_a_membership_Link_Navigation" time="0.255" classname="kaveri.SignUPTest"/>
  <testcase name="verification_For_Email_field_Placeholder" time="0.024" classname="kaveri.SignUPTest"/>
  <testcase name="verification_For_passward_field_Placeholder" time="0.026" classname="kaveri.SignUPTest"/>
  <testcase name="login_with_valid_creditional" time="1.698" classname="kaveri.SignUPTest"/>
</testsuite> <!-- Default test -->
