<?xml version="1.0" encoding="UTF-8"?>
<!-- Generated by org.testng.reporters.JUnitXMLReporter -->
<testsuite hostname="dell-PC" name="chrome" tests="10" failures="0" timestamp="22 Jun 2019 06:05:48 GMT" time="17.472" errors="0">
  <testcase name="validation_For_Empty_Email" time="0.174" classname="kaveri.SignUPTest"/>
  <testcase name="validation_For_Empty_Passward" time="0.166" classname="kaveri.SignUPTest"/>
  <testcase name="validation_For_incorrect_admin_Email" time="0.379" classname="kaveri.SignUPTest"/>
  <testcase name="validation_For_invalid_Email_Format" time="0.283" classname="kaveri.SignUPTest"/>
  <testcase name="validation_For_incorrect_admin_passward" time="0.591" classname="kaveri.SignUPTest"/>
  <testcase name="register_New_Member_Link_Navigation" time="0.386" classname="kaveri.SignUPTest"/>
  <testcase name="i_already_have_a_membership_Link_Navigation" time="0.302" classname="kaveri.SignUPTest"/>
  <testcase name="verification_For_Email_field_Placeholder" time="0.045" classname="kaveri.SignUPTest"/>
  <testcase name="verification_For_passward_field_Placeholder" time="0.046" classname="kaveri.SignUPTest"/>
  <testcase name="login_with_valid_creditional" time="7.116" classname="kaveri.SignUPTest"/>
</testsuite> <!-- chrome -->
