<?xml version="1.0" encoding="UTF-8"?>
<!-- Generated by org.testng.reporters.JUnitXMLReporter -->
<testsuite hostname="dell-PC" name="FireFox" tests="10" failures="0" timestamp="22 Jun 2019 06:05:51 GMT" time="19.608" errors="0">
  <testcase name="validation_For_Empty_Email" time="0.18" classname="kaveri.SignUPTest"/>
  <testcase name="validation_For_Empty_Passward" time="0.192" classname="kaveri.SignUPTest"/>
  <testcase name="validation_For_incorrect_admin_Email" time="0.381" classname="kaveri.SignUPTest"/>
  <testcase name="validation_For_invalid_Email_Format" time="0.272" classname="kaveri.SignUPTest"/>
  <testcase name="validation_For_incorrect_admin_passward" time="0.414" classname="kaveri.SignUPTest"/>
  <testcase name="register_New_Member_Link_Navigation" time="0.384" classname="kaveri.SignUPTest"/>
  <testcase name="i_already_have_a_membership_Link_Navigation" time="0.349" classname="kaveri.SignUPTest"/>
  <testcase name="verification_For_Email_field_Placeholder" time="0.036" classname="kaveri.SignUPTest"/>
  <testcase name="verification_For_passward_field_Placeholder" time="0.052" classname="kaveri.SignUPTest"/>
  <testcase name="login_with_valid_creditional" time="9.974" classname="kaveri.SignUPTest"/>
</testsuite> <!-- FireFox -->
